TN:
SF:03-errorcount.js
FN:8,errorHandling
FNF:1
FNH:1
FNDA:11,errorHandling
DA:1,1
DA:2,1
DA:3,1
DA:4,1
DA:5,1
DA:6,1
DA:7,1
DA:8,11
DA:9,11
DA:10,11
DA:11,11
DA:12,11
DA:13,0
DA:14,0
DA:15,11
DA:16,1
DA:17,1
DA:18,1
DA:19,1
DA:20,1
DA:21,1
DA:22,11
DA:23,0
DA:24,1
DA:25,1
DA:26,1
DA:27,0
DA:28,1
DA:29,1
DA:30,1
DA:31,2
DA:32,1
DA:33,1
DA:34,1
DA:35,1
DA:36,1
DA:37,1
DA:38,1
DA:39,1
DA:40,1
LF:40
LH:36
BRDA:8,0,0,11
BRDA:12,1,0,0
BRDA:21,2,0,11
BRDA:22,3,0,0
BRDA:30,4,0,2
BRDA:36,5,0,1
BRF:6
BRH:4
end_of_record
