TN:
SF:assignments\week-3\01-middlewares\02-ratelimitter.js
FN:17,clearRequestCounters
FN:25,DdosPrevention
FNF:2
FNH:2
FNDA:2,clearRequestCounters
FNDA:13,DdosPrevention
DA:1,1
DA:2,1
DA:3,1
DA:4,1
DA:5,1
DA:6,1
DA:7,1
DA:8,1
DA:9,1
DA:10,1
DA:11,1
DA:12,1
DA:13,1
DA:14,1
DA:15,1
DA:16,1
DA:17,2
DA:18,2
DA:19,2
DA:20,2
DA:21,2
DA:22,1
DA:23,1
DA:24,1
DA:25,13
DA:26,13
DA:27,13
DA:28,13
DA:29,0
DA:30,0
DA:31,13
DA:32,13
DA:33,2
DA:34,13
DA:35,11
DA:36,11
DA:37,7
DA:38,7
DA:39,11
DA:40,6
DA:41,6
DA:42,6
DA:43,1
DA:44,1
DA:45,1
DA:46,1
DA:47,6
DA:48,1
DA:49,1
DA:50,1
DA:51,0
DA:52,1
DA:53,1
DA:54,1
LF:54
LH:51
BRDA:17,0,0,2
BRDA:25,1,0,13
BRDA:28,2,0,0
BRDA:32,3,0,2
BRDA:34,4,0,11
BRDA:36,5,0,7
BRDA:39,6,0,6
BRDA:46,7,0,6
BRF:8
BRH:7
end_of_record
